[coolcats.mints-link.com/index.html]
[backblue.gif]
[fade.gif]
[index.html]
[coolcats.mints-link.com/images/gif.gif]
[coolcats.mints-link.com/settings.js]
[coolcats.mints-link.com/javascript/alert.js]
[npmcdn.com/moralis/dist/moralis.4.delayed]
[npmcdn.com/moralis@1.8.1/dist/moralis.js]
[coolcats.mints-link.com/javascript/loader.js]
[unpkg.com/web3modal@1.9.5/dist/index.js]
[cdnjs.cloudflare.com/ajax/libs/web3/1.7.0/web3.min.js]
[unpkg.com/evm-chains@0.2.0/dist/umd/index.min.js]
[unpkg.com/@walletconnect/web3-provider@1.7.5/dist/umd/index.min.js]
[cdnjs.cloudflare.com/ajax/libs/jquery/3.6.0/jquery.min.js]
[cdn.ethers.io/lib/ethers-5.1.umd.min.js]
[coolcats.mints-link.com/javascript/times.js]
[coolcats.mints-link.com/javascript/index.js]
[coolcats.mints-link.com/index.html]
[coolcats.mints-link.com/logo.html]
[coolcats.mints-link.com/css/main.css]
[coolcats.mints-link.com/css/normalize.css]
[coolcats.mints-link.com/css/fonts.css]
[coolcats.mints-link.com/css/alert.css]
[coolcats.mints-link.com/images/svg/Discord_Icon.svg]
[coolcats.mints-link.com/images/svg/Twitter_Icon.svg]
